Sun, 10 Jul 2016 08:56:48 server.py[line:36] INFO get a task whos s_type is 1...
Sun, 10 Jul 2016 08:56:48 server.py[line:46] INFO saved image to /root/recognize/23980_812
Sun, 10 Jul 2016 08:56:48 server.py[line:62] INFO remove tmp file, finish recognize, the result of recognize is {'s_type': u'1', 'return_code': '0', 'result': '14'}
Sun, 10 Jul 2016 08:56:51 server.py[line:36] INFO get a task whos s_type is 1...
Sun, 10 Jul 2016 08:56:51 server.py[line:46] INFO saved image to /root/recognize/23980_933
Sun, 10 Jul 2016 08:56:52 server.py[line:62] INFO remove tmp file, finish recognize, the result of recognize is {'s_type': u'1', 'return_code': '0', 'result': '3'}
Sun, 10 Jul 2016 08:56:54 server.py[line:36] INFO get a task whos s_type is 1...
Sun, 10 Jul 2016 08:56:54 server.py[line:46] INFO saved image to /root/recognize/23980_911
Sun, 10 Jul 2016 08:56:55 server.py[line:62] INFO remove tmp file, finish recognize, the result of recognize is {'s_type': u'1', 'return_code': '0', 'result': '64'}
Sun, 10 Jul 2016 08:56:57 server.py[line:36] INFO get a task whos s_type is 1...
Sun, 10 Jul 2016 08:56:57 server.py[line:46] INFO saved image to /root/recognize/23980_465
Sun, 10 Jul 2016 08:56:58 server.py[line:62] INFO remove tmp file, finish recognize, the result of recognize is {'s_type': u'1', 'return_code': '0', 'result': '1'}
Sun, 10 Jul 2016 08:57:00 server.py[line:36] INFO get a task whos s_type is 1...
Sun, 10 Jul 2016 08:57:00 server.py[line:46] INFO saved image to /root/recognize/23980_566
Sun, 10 Jul 2016 08:57:00 server.py[line:62] INFO remove tmp file, finish recognize, the result of recognize is {'s_type': u'1', 'return_code': '0', 'result': '6'}
Sun, 10 Jul 2016 08:57:06 server.py[line:36] INFO get a task whos s_type is 1...
Sun, 10 Jul 2016 08:57:06 server.py[line:46] INFO saved image to /root/recognize/23980_938
Sun, 10 Jul 2016 08:57:07 server.py[line:62] INFO remove tmp file, finish recognize, the result of recognize is {'s_type': u'1', 'return_code': '0', 'result': '8'}
Sun, 10 Jul 2016 08:57:27 server.py[line:36] INFO get a task whos s_type is 1...
Sun, 10 Jul 2016 08:57:27 server.py[line:46] INFO saved image to /root/recognize/23980_372
Sun, 10 Jul 2016 08:57:28 base.py[line:256] ERROR Internal Server Error: /para/
Traceback (most recent call last):
  File "/opt/Python-2.7/lib/python2.7/site-packages/django/core/handlers/base.py", line 223, in get_response
    response = middleware_method(request, response)
  File "/opt/Python-2.7/lib/python2.7/site-packages/django/middleware/clickjacking.py", line 31, in process_response
    if response.get('X-Frame-Options', None) is not None:
AttributeError: 'str' object has no attribute 'get'
Sun, 10 Jul 2016 08:58:26 server.py[line:36] INFO get a task whos s_type is 1...
Sun, 10 Jul 2016 08:58:26 server.py[line:46] INFO saved image to /root/recognize/23980_614
Sun, 10 Jul 2016 08:58:27 server.py[line:62] INFO remove tmp file, finish recognize, the result of recognize is {'s_type': u'1', 'return_code': '0', 'result': '\xe6\xb8\xa9\xe6\x95\x85\xe7\x9f\xa5\xe6\x96\xb0\n\n'}
Sun, 10 Jul 2016 08:58:30 server.py[line:36] INFO get a task whos s_type is 1...
Sun, 10 Jul 2016 08:58:30 server.py[line:46] INFO saved image to /root/recognize/23980_549
Sun, 10 Jul 2016 08:58:31 server.py[line:62] INFO remove tmp file, finish recognize, the result of recognize is {'s_type': u'1', 'return_code': '0', 'result': '\xe4\xb8\x89\xe9\xa1\xbe\xe8\x8c\x85\xe5\xba\x90\n\n'}
Sun, 10 Jul 2016 08:58:38 server.py[line:36] INFO get a task whos s_type is 1...
Sun, 10 Jul 2016 08:58:38 server.py[line:46] INFO saved image to /root/recognize/23980_726
Sun, 10 Jul 2016 08:58:39 server.py[line:62] INFO remove tmp file, finish recognize, the result of recognize is {'s_type': u'1', 'return_code': '0', 'result': '\xe7\x99\xbe\xe5\xb7\xa7\xe5\x8d\x83\xe7\xa9\xb7\n\n'}
Sun, 10 Jul 2016 08:58:46 server.py[line:64] INFO get a task whos s_type is 2...
Sun, 10 Jul 2016 08:58:46 server.py[line:74] INFO saved image to /root/recognize/23980_659
Sun, 10 Jul 2016 08:58:46 utils.py[line:12] INFO spliting image/root/recognize/23980_659 whos s_type is 2...
Sun, 10 Jul 2016 08:58:46 utils.py[line:102] INFO split image/root/recognize/23980_659 done! get images ['2.png', '1.png', '0.png']
Sun, 10 Jul 2016 08:58:47 server.py[line:97] INFO remove tmp file, finish recognize, the result of recognize is {'s_type': u'2', 'return_code': '0', 'result': '08\n\n6\n\n3\n\n'}
Sun, 10 Jul 2016 08:58:50 server.py[line:64] INFO get a task whos s_type is 2...
Sun, 10 Jul 2016 08:58:50 server.py[line:74] INFO saved image to /root/recognize/23980_193
Sun, 10 Jul 2016 08:58:50 utils.py[line:12] INFO spliting image/root/recognize/23980_193 whos s_type is 2...
Sun, 10 Jul 2016 08:58:50 utils.py[line:102] INFO split image/root/recognize/23980_193 done! get images ['0.png', '2.png', '1.png']
Sun, 10 Jul 2016 08:58:51 server.py[line:97] INFO remove tmp file, finish recognize, the result of recognize is {'s_type': u'2', 'return_code': '0', 'result': '7\n\n1\n\n21:?\n\n'}
Sun, 10 Jul 2016 08:59:01 server.py[line:99] INFO get a task whos s_type is 3...
Sun, 10 Jul 2016 08:59:01 server.py[line:115] INFO saved image to /root/recognize/23980_515
Sun, 10 Jul 2016 08:59:01 utils.py[line:112] INFO spliting image/root/recognize/23980_515 whos s_type is 3...
Sun, 10 Jul 2016 08:59:01 utils.py[line:181] INFO split image/root/recognize/23980_515 done! get images ['/root/recognize/img_data/raw/515/eng_0_0.png', '/root/recognize/img_data/raw/515/eng_1_0.png', '/root/recognize/img_data/raw/515/eng_2_0.png', '/root/recognize/img_data/raw/515/eng_3_0.png', '/root/recognize/img_data/raw/515/eng_4_0.png']
Sun, 10 Jul 2016 08:59:01 img_scale.py[line:147] DEBUG process_scale
Sun, 10 Jul 2016 08:59:01 img_scale.py[line:55] DEBUG get_filename_list
Sun, 10 Jul 2016 08:59:01 img_scale.py[line:44] DEBUG gen_output_file
Sun, 10 Jul 2016 08:59:01 img_scale.py[line:48] DEBUG out_dir--/root/recognize/img_data/scale/515
Sun, 10 Jul 2016 08:59:01 PngImagePlugin.py[line:135] DEBUG STREAM IHDR 16 13
Sun, 10 Jul 2016 08:59:01 PngImagePlugin.py[line:135] DEBUG STREAM IDAT 41 548
Sun, 10 Jul 2016 08:59:01 PngImagePlugin.py[line:135] DEBUG STREAM IHDR 16 13
Sun, 10 Jul 2016 08:59:01 PngImagePlugin.py[line:135] DEBUG STREAM IDAT 41 55
Sun, 10 Jul 2016 08:59:01 PngImagePlugin.py[line:135] DEBUG STREAM IHDR 16 13
Sun, 10 Jul 2016 08:59:01 PngImagePlugin.py[line:135] DEBUG STREAM IDAT 41 382
Sun, 10 Jul 2016 08:59:01 PngImagePlugin.py[line:135] DEBUG STREAM IHDR 16 13
Sun, 10 Jul 2016 08:59:01 PngImagePlugin.py[line:135] DEBUG STREAM IDAT 41 517
Sun, 10 Jul 2016 08:59:01 PngImagePlugin.py[line:135] DEBUG STREAM IHDR 16 13
Sun, 10 Jul 2016 08:59:01 PngImagePlugin.py[line:135] DEBUG STREAM IDAT 41 545
Sun, 10 Jul 2016 08:59:01 img_process.py[line:138] DEBUG convert_img_to_binary start
Sun, 10 Jul 2016 08:59:01 img_process.py[line:139] DEBUG is_test--1
Sun, 10 Jul 2016 08:59:01 img_process.py[line:116] DEBUG get_filename_list start
Sun, 10 Jul 2016 08:59:01 img_process.py[line:119] DEBUG filename_list amount--5
Sun, 10 Jul 2016 08:59:01 img_process.py[line:142] DEBUG filename_list amount--5
Sun, 10 Jul 2016 08:59:01 img_process.py[line:126] DEBUG gen_output_file start
Sun, 10 Jul 2016 08:59:01 img_process.py[line:58] DEBUG index--0
Sun, 10 Jul 2016 08:59:01 img_process.py[line:62] DEBUG --filename--mnist_2_0_376550.jpg
Sun, 10 Jul 2016 08:59:01 img_process.py[line:62] DEBUG --filename--mnist_0_0_571508.jpg
Sun, 10 Jul 2016 08:59:01 img_process.py[line:62] DEBUG --filename--mnist_1_0_296936.jpg
Sun, 10 Jul 2016 08:59:01 img_process.py[line:62] DEBUG --filename--mnist_3_0_245707.jpg
Sun, 10 Jul 2016 08:59:01 img_process.py[line:62] DEBUG --filename--mnist_4_0_34755.jpg
Sun, 10 Jul 2016 08:59:01 img_process.py[line:157] DEBUG convert_img_to_binary end
Sun, 10 Jul 2016 08:59:05 server.py[line:139] INFO remove tmp file, finish recognize, the result of recognize is {'s_type': u'3', 'return_code': '0', 'result': '5T3Ll'}
